<?xml version="1.0" encoding="UTF-8"?>
<testsuite name="com.example.lascosasquenovemos.sintaxisTest.PruebasUnitariasQuizPantalla" tests="4" skipped="0" failures="0" errors="0" timestamp="2022-04-17T10:52:53" hostname="LAPTOP-SERGIOGC" time="0.013">
  <properties/>
  <testcase name="testTextoNulo" classname="com.example.lascosasquenovemos.sintaxisTest.PruebasUnitariasQuizPantalla" time="0.009"/>
  <testcase name="testQuizNulo" classname="com.example.lascosasquenovemos.sintaxisTest.PruebasUnitariasQuizPantalla" time="0.0"/>
  <testcase name="testCorrecto" classname="com.example.lascosasquenovemos.sintaxisTest.PruebasUnitariasQuizPantalla" time="0.001"/>
  <testcase name="testTextoYQuizNulos" classname="com.example.lascosasquenovemos.sintaxisTest.PruebasUnitariasQuizPantalla" time="0.0"/>
  <system-out><![CDATA[]]></system-out>
  <system-err><![CDATA[]]></system-err>
</testsuite>
