<?xml version="1.0" encoding="UTF-8"?>
<testsuite name="com.example.lascosasquenovemos.sintaxisTest.PruebasUnitariasTextoTeoriaSintaxis" tests="6" skipped="0" failures="0" errors="0" timestamp="2022-03-28T16:46:51" hostname="inigo-hlylwxx9" time="0.005">
  <properties/>
  <testcase name="testSintaxisTextoCorrecto" classname="com.example.lascosasquenovemos.sintaxisTest.PruebasUnitariasTextoTeoriaSintaxis" time="0.003"/>
  <testcase name="testSintaxisTextoLimite" classname="com.example.lascosasquenovemos.sintaxisTest.PruebasUnitariasTextoTeoriaSintaxis" time="0.0"/>
  <testcase name="testSintaxisTextoVacio1" classname="com.example.lascosasquenovemos.sintaxisTest.PruebasUnitariasTextoTeoriaSintaxis" time="0.0"/>
  <testcase name="testSintaxisTextoVacio2" classname="com.example.lascosasquenovemos.sintaxisTest.PruebasUnitariasTextoTeoriaSintaxis" time="0.0"/>
  <testcase name="testSintaxisTextoVacio4" classname="com.example.lascosasquenovemos.sintaxisTest.PruebasUnitariasTextoTeoriaSintaxis" time="0.0"/>
  <testcase name="testSintaxisTematica" classname="com.example.lascosasquenovemos.sintaxisTest.PruebasUnitariasTextoTeoriaSintaxis" time="0.0"/>
  <system-out><![CDATA[]]></system-out>
  <system-err><![CDATA[]]></system-err>
</testsuite>
