<?xml version="1.0" encoding="UTF-8"?>
<testsuite name="com.example.lascosasquenovemos.sintaxisTest.PruebasUnitariasTematicaSintaxis" tests="1" skipped="0" failures="0" errors="0" timestamp="2022-04-14T10:07:20" hostname="LAPTOP-41D92U8D" time="0.006">
  <properties/>
  <testcase name="testSintaxisTematicaFalse5" classname="com.example.lascosasquenovemos.sintaxisTest.PruebasUnitariasTematicaSintaxis" time="0.006"/>
  <system-out><![CDATA[]]></system-out>
  <system-err><![CDATA[]]></system-err>
</testsuite>
