<?xml version='1.0' encoding='UTF-8' ?>
<testsuite name="com.example.lascosasquenovemos.vistaTest.integrationTest.PruebaIntegracionResponderQuiz" tests="5" failures="0" errors="0" skipped="0" time="12.501" timestamp="2022-03-29T07:20:29" hostname="localhost">
  <properties>
    <property name="device" value="Pixel_2_API_30(AVD) - 11" />
    <property name="flavor" value="" />
    <property name="project" value="app" />
  </properties>
  <testcase name="checkNoRespuesta" classname="com.example.lascosasquenovemos.vistaTest.integrationTest.PruebaIntegracionResponderQuiz" time="2.34" />
  <testcase name="checkRespuesta1" classname="com.example.lascosasquenovemos.vistaTest.integrationTest.PruebaIntegracionResponderQuiz" time="1.434" />
  <testcase name="checkRespuesta2" classname="com.example.lascosasquenovemos.vistaTest.integrationTest.PruebaIntegracionResponderQuiz" time="1.283" />
  <testcase name="checkRespuesta3" classname="com.example.lascosasquenovemos.vistaTest.integrationTest.PruebaIntegracionResponderQuiz" time="1.408" />
  <testcase name="checkRespuesta4" classname="com.example.lascosasquenovemos.vistaTest.integrationTest.PruebaIntegracionResponderQuiz" time="1.383" />
</testsuite>