<?xml version='1.0' encoding='UTF-8' ?>
<testsuite name="com.example.lascosasquenovemos.vistaTest.PruebaUnitariasCrearTematica" tests="1" failures="0" errors="0" skipped="0" time="11.102" timestamp="2022-04-12T18:02:52" hostname="localhost">
  <properties>
    <property name="device" value="Pixel_5_API_30(AVD) - 11" />
    <property name="flavor" value="" />
    <property name="project" value="app" />
  </properties>
  <testcase name="testEmptyEditText" classname="com.example.lascosasquenovemos.vistaTest.PruebaUnitariasCrearTematica" time="8.891" />
</testsuite>